{"meta": {"format": 3, "version": "7.9.2", "timestamp": "2025-07-14T02:52:44.074441", "branch_coverage": true, "show_contexts": false}, "files": {"src/api/dashboard.py": {"executed_lines": [1, 8, 9, 10, 11, 14, 15, 18, 19, 22, 25, 41, 110, 112, 113, 114, 120, 131, 137, 163, 165, 166, 167, 171, 177, 189, 204, 205, 208, 210, 216], "summary": {"covered_lines": 30, "num_statements": 38, "percent_covered": 80.95238095238095, "percent_covered_display": "80.95", "missing_lines": 8, "excluded_lines": 0, "num_branches": 4, "num_partial_branches": 0, "covered_branches": 4, "missing_branches": 0}, "missing_lines": [140, 141, 144, 156, 161, 218, 219, 223], "excluded_lines": [], "executed_branches": [[112, 113], [112, 120], [113, 114], [113, 120]], "missing_branches": [], "functions": {"get_hechos_for_revision": {"executed_lines": [110, 112, 113, 114, 120, 131, 137, 163, 165, 166, 167, 171], "summary": {"covered_lines": 12, "num_statements": 17, "percent_covered": 76.19047619047619, "percent_covered_display": "76.19", "missing_lines": 5, "excluded_lines": 0, "num_branches": 4, "num_partial_branches": 0, "covered_branches": 4, "missing_branches": 0}, "missing_lines": [140, 141, 144, 156, 161], "excluded_lines": [], "executed_branches": [[112, 113], [112, 120], [113, 114], [113, 120]], "missing_branches": []}, "get_filter_options": {"executed_lines": [204, 205, 208, 210, 216], "summary": {"covered_lines": 5, "num_statements": 8, "percent_covered": 62.5, "percent_covered_display": "62.50", "missing_lines": 3, "excluded_lines": 0, "num_branches": 0, "num_partial_branches": 0, "covered_branches": 0, "missing_branches": 0}, "missing_lines": [218, 219, 223], "excluded_lines": [], "executed_branches": [], "missing_branches": []}, "": {"executed_lines": [1, 8, 9, 10, 11, 14, 15, 18, 19, 22, 25, 41, 177, 189], "summary": {"covered_lines": 13, "num_statements": 13, "percent_covered": 100.0, "percent_covered_display": "100.00", "missing_lines": 0, "excluded_lines": 0, "num_branches": 0, "num_partial_branches": 0, "covered_branches": 0, "missing_branches": 0}, "missing_lines": [], "excluded_lines": [], "executed_branches": [], "missing_branches": []}}, "classes": {"": {"executed_lines": [1, 8, 9, 10, 11, 14, 15, 18, 19, 22, 25, 41, 110, 112, 113, 114, 120, 131, 137, 163, 165, 166, 167, 171, 177, 189, 204, 205, 208, 210, 216], "summary": {"covered_lines": 30, "num_statements": 38, "percent_covered": 80.95238095238095, "percent_covered_display": "80.95", "missing_lines": 8, "excluded_lines": 0, "num_branches": 4, "num_partial_branches": 0, "covered_branches": 4, "missing_branches": 0}, "missing_lines": [140, 141, 144, 156, 161, 218, 219, 223], "excluded_lines": [], "executed_branches": [[112, 113], [112, 120], [113, 114], [113, 120]], "missing_branches": []}}}, "src/api/feedback.py": {"executed_lines": [1, 8, 9, 12, 13, 16, 17, 20, 23, 26, 64, 84, 85, 95, 103, 106, 107, 111, 117, 155, 175, 176, 186, 194, 197, 198, 202], "summary": {"covered_lines": 26, "num_statements": 30, "percent_covered": 86.66666666666667, "percent_covered_display": "86.67", "missing_lines": 4, "excluded_lines": 0, "num_branches": 0, "num_partial_branches": 0, "covered_branches": 0, "missing_branches": 0}, "missing_lines": [98, 105, 189, 196], "excluded_lines": [], "executed_branches": [], "missing_branches": [], "functions": {"submit_importancia_feedback": {"executed_lines": [84, 85, 95, 103, 106, 107, 111], "summary": {"covered_lines": 7, "num_statements": 9, "percent_covered": 77.77777777777777, "percent_covered_display": "77.78", "missing_lines": 2, "excluded_lines": 0, "num_branches": 0, "num_partial_branches": 0, "covered_branches": 0, "missing_branches": 0}, "missing_lines": [98, 105], "excluded_lines": [], "executed_branches": [], "missing_branches": []}, "submit_evaluacion_editorial": {"executed_lines": [175, 176, 186, 194, 197, 198, 202], "summary": {"covered_lines": 7, "num_statements": 9, "percent_covered": 77.77777777777777, "percent_covered_display": "77.78", "missing_lines": 2, "excluded_lines": 0, "num_branches": 0, "num_partial_branches": 0, "covered_branches": 0, "missing_branches": 0}, "missing_lines": [189, 196], "excluded_lines": [], "executed_branches": [], "missing_branches": []}, "": {"executed_lines": [1, 8, 9, 12, 13, 16, 17, 20, 23, 26, 64, 117, 155], "summary": {"covered_lines": 12, "num_statements": 12, "percent_covered": 100.0, "percent_covered_display": "100.00", "missing_lines": 0, "excluded_lines": 0, "num_branches": 0, "num_partial_branches": 0, "covered_branches": 0, "missing_branches": 0}, "missing_lines": [], "excluded_lines": [], "executed_branches": [], "missing_branches": []}}, "classes": {"": {"executed_lines": [1, 8, 9, 12, 13, 16, 17, 20, 23, 26, 64, 84, 85, 95, 103, 106, 107, 111, 117, 155, 175, 176, 186, 194, 197, 198, 202], "summary": {"covered_lines": 26, "num_statements": 30, "percent_covered": 86.66666666666667, "percent_covered_display": "86.67", "missing_lines": 4, "excluded_lines": 0, "num_branches": 0, "num_partial_branches": 0, "covered_branches": 0, "missing_branches": 0}, "missing_lines": [98, 105, 189, 196], "excluded_lines": [], "executed_branches": [], "missing_branches": []}}}, "src/api/health.py": {"executed_lines": [1, 5, 6, 7, 8, 10, 11, 14, 17, 20, 32, 33, 36, 37, 39, 42, 45, 47, 52, 53, 54, 60, 61, 74, 80, 81, 109, 112, 115, 117], "summary": {"covered_lines": 29, "num_statements": 29, "percent_covered": 100.0, "percent_covered_display": "100.00", "missing_lines": 0, "excluded_lines": 0, "num_branches": 0, "num_partial_branches": 0, "covered_branches": 0, "missing_branches": 0}, "missing_lines": [], "excluded_lines": [], "executed_branches": [], "missing_branches": [], "functions": {"check_supabase_health": {"executed_lines": [32, 33, 36, 42, 45, 47, 52, 53, 54], "summary": {"covered_lines": 9, "num_statements": 9, "percent_covered": 100.0, "percent_covered_display": "100.00", "missing_lines": 0, "excluded_lines": 0, "num_branches": 0, "num_partial_branches": 0, "covered_branches": 0, "missing_branches": 0}, "missing_lines": [], "excluded_lines": [], "executed_branches": [], "missing_branches": []}, "check_supabase_health.health_query": {"executed_lines": [37, 39], "summary": {"covered_lines": 2, "num_statements": 2, "percent_covered": 100.0, "percent_covered_display": "100.00", "missing_lines": 0, "excluded_lines": 0, "num_branches": 0, "num_partial_branches": 0, "covered_branches": 0, "missing_branches": 0}, "missing_lines": [], "excluded_lines": [], "executed_branches": [], "missing_branches": []}, "health_check": {"executed_lines": [74], "summary": {"covered_lines": 1, "num_statements": 1, "percent_covered": 100.0, "percent_covered_display": "100.00", "missing_lines": 0, "excluded_lines": 0, "num_branches": 0, "num_partial_branches": 0, "covered_branches": 0, "missing_branches": 0}, "missing_lines": [], "excluded_lines": [], "executed_branches": [], "missing_branches": []}, "detailed_health_check": {"executed_lines": [109, 112, 115, 117], "summary": {"covered_lines": 4, "num_statements": 4, "percent_covered": 100.0, "percent_covered_display": "100.00", "missing_lines": 0, "excluded_lines": 0, "num_branches": 0, "num_partial_branches": 0, "covered_branches": 0, "missing_branches": 0}, "missing_lines": [], "excluded_lines": [], "executed_branches": [], "missing_branches": []}, "": {"executed_lines": [1, 5, 6, 7, 8, 10, 11, 14, 17, 20, 60, 61, 80, 81], "summary": {"covered_lines": 13, "num_statements": 13, "percent_covered": 100.0, "percent_covered_display": "100.00", "missing_lines": 0, "excluded_lines": 0, "num_branches": 0, "num_partial_branches": 0, "covered_branches": 0, "missing_branches": 0}, "missing_lines": [], "excluded_lines": [], "executed_branches": [], "missing_branches": []}}, "classes": {"": {"executed_lines": [1, 5, 6, 7, 8, 10, 11, 14, 17, 20, 32, 33, 36, 37, 39, 42, 45, 47, 52, 53, 54, 60, 61, 74, 80, 81, 109, 112, 115, 117], "summary": {"covered_lines": 29, "num_statements": 29, "percent_covered": 100.0, "percent_covered_display": "100.00", "missing_lines": 0, "excluded_lines": 0, "num_branches": 0, "num_partial_branches": 0, "covered_branches": 0, "missing_branches": 0}, "missing_lines": [], "excluded_lines": [], "executed_branches": [], "missing_branches": []}}}, "src/core/dependencies.py": {"executed_lines": [1, 6, 7, 10, 11, 12, 16, 17, 18, 22, 33, 41, 43, 44, 47, 55, 57, 58, 62, 76, 84], "summary": {"covered_lines": 20, "num_statements": 24, "percent_covered": 85.71428571428571, "percent_covered_display": "85.71", "missing_lines": 4, "excluded_lines": 0, "num_branches": 4, "num_partial_branches": 0, "covered_branches": 4, "missing_branches": 0}, "missing_lines": [30, 72, 81, 89], "excluded_lines": [], "executed_branches": [[41, 43], [41, 44], [55, 57], [55, 58]], "missing_branches": [], "functions": {"get_supabase_client": {"executed_lines": [], "summary": {"covered_lines": 0, "num_statements": 1, "percent_covered": 0.0, "percent_covered_display": "0.00", "missing_lines": 1, "excluded_lines": 0, "num_branches": 0, "num_partial_branches": 0, "covered_branches": 0, "missing_branches": 0}, "missing_lines": [30], "excluded_lines": [], "executed_branches": [], "missing_branches": []}, "get_hechos_service": {"executed_lines": [41, 43, 44], "summary": {"covered_lines": 3, "num_statements": 3, "percent_covered": 100.0, "percent_covered_display": "100.00", "missing_lines": 0, "excluded_lines": 0, "num_branches": 2, "num_partial_branches": 0, "covered_branches": 2, "missing_branches": 0}, "missing_lines": [], "excluded_lines": [], "executed_branches": [[41, 43], [41, 44]], "missing_branches": []}, "get_feedback_service": {"executed_lines": [55, 57, 58], "summary": {"covered_lines": 3, "num_statements": 3, "percent_covered": 100.0, "percent_covered_display": "100.00", "missing_lines": 0, "excluded_lines": 0, "num_branches": 2, "num_partial_branches": 0, "covered_branches": 2, "missing_branches": 0}, "missing_lines": [], "excluded_lines": [], "executed_branches": [[55, 57], [55, 58]], "missing_branches": []}, "get_request_id": {"executed_lines": [], "summary": {"covered_lines": 0, "num_statements": 1, "percent_covered": 0.0, "percent_covered_display": "0.00", "missing_lines": 1, "excluded_lines": 0, "num_branches": 0, "num_partial_branches": 0, "covered_branches": 0, "missing_branches": 0}, "missing_lines": [72], "excluded_lines": [], "executed_branches": [], "missing_branches": []}, "get_current_user_optional": {"executed_lines": [], "summary": {"covered_lines": 0, "num_statements": 1, "percent_covered": 0.0, "percent_covered_display": "0.00", "missing_lines": 1, "excluded_lines": 0, "num_branches": 0, "num_partial_branches": 0, "covered_branches": 0, "missing_branches": 0}, "missing_lines": [81], "excluded_lines": [], "executed_branches": [], "missing_branches": []}, "get_rate_limiter": {"executed_lines": [], "summary": {"covered_lines": 0, "num_statements": 1, "percent_covered": 0.0, "percent_covered_display": "0.00", "missing_lines": 1, "excluded_lines": 0, "num_branches": 0, "num_partial_branches": 0, "covered_branches": 0, "missing_branches": 0}, "missing_lines": [89], "excluded_lines": [], "executed_branches": [], "missing_branches": []}, "": {"executed_lines": [1, 6, 7, 10, 11, 12, 16, 17, 18, 22, 33, 47, 62, 76, 84], "summary": {"covered_lines": 14, "num_statements": 14, "percent_covered": 100.0, "percent_covered_display": "100.00", "missing_lines": 0, "excluded_lines": 0, "num_branches": 0, "num_partial_branches": 0, "covered_branches": 0, "missing_branches": 0}, "missing_lines": [], "excluded_lines": [], "executed_branches": [], "missing_branches": []}}, "classes": {"": {"executed_lines": [1, 6, 7, 10, 11, 12, 16, 17, 18, 22, 33, 41, 43, 44, 47, 55, 57, 58, 62, 76, 84], "summary": {"covered_lines": 20, "num_statements": 24, "percent_covered": 85.71428571428571, "percent_covered_display": "85.71", "missing_lines": 4, "excluded_lines": 0, "num_branches": 4, "num_partial_branches": 0, "covered_branches": 4, "missing_branches": 0}, "missing_lines": [30, 72, 81, 89], "excluded_lines": [], "executed_branches": [[41, 43], [41, 44], [55, 57], [55, 58]], "missing_branches": []}}}, "src/core/exceptions.py": {"executed_lines": [1, 6, 7, 8, 9, 12, 15, 27, 39, 45, 57, 68, 77, 92, 104, 110, 121, 124, 127, 129], "summary": {"covered_lines": 19, "num_statements": 19, "percent_covered": 100.0, "percent_covered_display": "100.00", "missing_lines": 0, "excluded_lines": 0, "num_branches": 0, "num_partial_branches": 0, "covered_branches": 0, "missing_branches": 0}, "missing_lines": [], "excluded_lines": [], "executed_branches": [], "missing_branches": [], "functions": {"base_exception_handler": {"executed_lines": [27, 39], "summary": {"covered_lines": 2, "num_statements": 2, "percent_covered": 100.0, "percent_covered_display": "100.00", "missing_lines": 0, "excluded_lines": 0, "num_branches": 0, "num_partial_branches": 0, "covered_branches": 0, "missing_branches": 0}, "missing_lines": [], "excluded_lines": [], "executed_branches": [], "missing_branches": []}, "validation_exception_handler": {"executed_lines": [57, 68], "summary": {"covered_lines": 2, "num_statements": 2, "percent_covered": 100.0, "percent_covered_display": "100.00", "missing_lines": 0, "excluded_lines": 0, "num_branches": 0, "num_partial_branches": 0, "covered_branches": 0, "missing_branches": 0}, "missing_lines": [], "excluded_lines": [], "executed_branches": [], "missing_branches": []}, "general_exception_handler": {"executed_lines": [92, 104], "summary": {"covered_lines": 2, "num_statements": 2, "percent_covered": 100.0, "percent_covered_display": "100.00", "missing_lines": 0, "excluded_lines": 0, "num_branches": 0, "num_partial_branches": 0, "covered_branches": 0, "missing_branches": 0}, "missing_lines": [], "excluded_lines": [], "executed_branches": [], "missing_branches": []}, "register_exception_handlers": {"executed_lines": [121, 124, 127, 129], "summary": {"covered_lines": 4, "num_statements": 4, "percent_covered": 100.0, "percent_covered_display": "100.00", "missing_lines": 0, "excluded_lines": 0, "num_branches": 0, "num_partial_branches": 0, "covered_branches": 0, "missing_branches": 0}, "missing_lines": [], "excluded_lines": [], "executed_branches": [], "missing_branches": []}, "": {"executed_lines": [1, 6, 7, 8, 9, 12, 15, 45, 77, 110], "summary": {"covered_lines": 9, "num_statements": 9, "percent_covered": 100.0, "percent_covered_display": "100.00", "missing_lines": 0, "excluded_lines": 0, "num_branches": 0, "num_partial_branches": 0, "covered_branches": 0, "missing_branches": 0}, "missing_lines": [], "excluded_lines": [], "executed_branches": [], "missing_branches": []}}, "classes": {"": {"executed_lines": [1, 6, 7, 8, 9, 12, 15, 27, 39, 45, 57, 68, 77, 92, 104, 110, 121, 124, 127, 129], "summary": {"covered_lines": 19, "num_statements": 19, "percent_covered": 100.0, "percent_covered_display": "100.00", "missing_lines": 0, "excluded_lines": 0, "num_branches": 0, "num_partial_branches": 0, "covered_branches": 0, "missing_branches": 0}, "missing_lines": [], "excluded_lines": [], "executed_branches": [], "missing_branches": []}}}, "src/main.py": {"executed_lines": [1, 6, 7, 8, 9, 10, 13, 14, 17, 20, 23, 26, 29, 30, 33, 42, 46, 47, 49, 50, 53, 56, 59, 62, 71, 73, 77, 78, 79, 83, 84, 90, 91, 105, 106, 112], "summary": {"covered_lines": 34, "num_statements": 38, "percent_covered": 89.47368421052632, "percent_covered_display": "89.47", "missing_lines": 4, "excluded_lines": 3, "num_branches": 0, "num_partial_branches": 0, "covered_branches": 0, "missing_branches": 0}, "missing_lines": [85, 86, 93, 108], "excluded_lines": [112, 113, 114], "executed_branches": [], "missing_branches": [], "functions": {"log_requests": {"executed_lines": [49, 50, 53, 56, 59, 62, 71, 73], "summary": {"covered_lines": 8, "num_statements": 8, "percent_covered": 100.0, "percent_covered_display": "100.00", "missing_lines": 0, "excluded_lines": 0, "num_branches": 0, "num_partial_branches": 0, "covered_branches": 0, "missing_branches": 0}, "missing_lines": [], "excluded_lines": [], "executed_branches": [], "missing_branches": []}, "read_root": {"executed_lines": [], "summary": {"covered_lines": 0, "num_statements": 2, "percent_covered": 0.0, "percent_covered_display": "0.00", "missing_lines": 2, "excluded_lines": 0, "num_branches": 0, "num_partial_branches": 0, "covered_branches": 0, "missing_branches": 0}, "missing_lines": [85, 86], "excluded_lines": [], "executed_branches": [], "missing_branches": []}, "startup_event": {"executed_lines": [], "summary": {"covered_lines": 0, "num_statements": 1, "percent_covered": 0.0, "percent_covered_display": "0.00", "missing_lines": 1, "excluded_lines": 0, "num_branches": 0, "num_partial_branches": 0, "covered_branches": 0, "missing_branches": 0}, "missing_lines": [93], "excluded_lines": [], "executed_branches": [], "missing_branches": []}, "shutdown_event": {"executed_lines": [], "summary": {"covered_lines": 0, "num_statements": 1, "percent_covered": 0.0, "percent_covered_display": "0.00", "missing_lines": 1, "excluded_lines": 0, "num_branches": 0, "num_partial_branches": 0, "covered_branches": 0, "missing_branches": 0}, "missing_lines": [108], "excluded_lines": [], "executed_branches": [], "missing_branches": []}, "": {"executed_lines": [1, 6, 7, 8, 9, 10, 13, 14, 17, 20, 23, 26, 29, 30, 33, 42, 46, 47, 77, 78, 79, 83, 84, 90, 91, 105, 106, 112], "summary": {"covered_lines": 26, "num_statements": 26, "percent_covered": 100.0, "percent_covered_display": "100.00", "missing_lines": 0, "excluded_lines": 3, "num_branches": 0, "num_partial_branches": 0, "covered_branches": 0, "missing_branches": 0}, "missing_lines": [], "excluded_lines": [112, 113, 114], "executed_branches": [], "missing_branches": []}}, "classes": {"": {"executed_lines": [1, 6, 7, 8, 9, 10, 13, 14, 17, 20, 23, 26, 29, 30, 33, 42, 46, 47, 49, 50, 53, 56, 59, 62, 71, 73, 77, 78, 79, 83, 84, 90, 91, 105, 106, 112], "summary": {"covered_lines": 34, "num_statements": 38, "percent_covered": 89.47368421052632, "percent_covered_display": "89.47", "missing_lines": 4, "excluded_lines": 3, "num_branches": 0, "num_partial_branches": 0, "covered_branches": 0, "missing_branches": 0}, "missing_lines": [85, 86, 93, 108], "excluded_lines": [112, 113, 114], "executed_branches": [], "missing_branches": []}}}, "src/models/base.py": {"executed_lines": [1, 8, 9, 11, 14, 19, 20, 27], "summary": {"covered_lines": 6, "num_statements": 7, "percent_covered": 85.71428571428571, "percent_covered_display": "85.71", "missing_lines": 1, "excluded_lines": 0, "num_branches": 0, "num_partial_branches": 0, "covered_branches": 0, "missing_branches": 0}, "missing_lines": [16], "excluded_lines": [], "executed_branches": [], "missing_branches": [], "functions": {"get_aware_now": {"executed_lines": [], "summary": {"covered_lines": 0, "num_statements": 1, "percent_covered": 0.0, "percent_covered_display": "0.00", "missing_lines": 1, "excluded_lines": 0, "num_branches": 0, "num_partial_branches": 0, "covered_branches": 0, "missing_branches": 0}, "missing_lines": [16], "excluded_lines": [], "executed_branches": [], "missing_branches": []}, "": {"executed_lines": [1, 8, 9, 11, 14, 19, 20, 27], "summary": {"covered_lines": 6, "num_statements": 6, "percent_covered": 100.0, "percent_covered_display": "100.00", "missing_lines": 0, "excluded_lines": 0, "num_branches": 0, "num_partial_branches": 0, "covered_branches": 0, "missing_branches": 0}, "missing_lines": [], "excluded_lines": [], "executed_branches": [], "missing_branches": []}}, "classes": {"DashboardBaseModel": {"executed_lines": [], "summary": {"covered_lines": 0, "num_statements": 0, "percent_covered": 100.0, "percent_covered_display": "100.00", "missing_lines": 0, "excluded_lines": 0, "num_branches": 0, "num_partial_branches": 0, "covered_branches": 0, "missing_branches": 0}, "missing_lines": [], "excluded_lines": [], "executed_branches": [], "missing_branches": []}, "": {"executed_lines": [1, 8, 9, 11, 14, 19, 20, 27], "summary": {"covered_lines": 6, "num_statements": 7, "percent_covered": 85.71428571428571, "percent_covered_display": "85.71", "missing_lines": 1, "excluded_lines": 0, "num_branches": 0, "num_partial_branches": 0, "covered_branches": 0, "missing_branches": 0}, "missing_lines": [16], "excluded_lines": [], "executed_branches": [], "missing_branches": []}}}, "src/models/domain.py": {"executed_lines": [1, 7, 8, 9, 11, 13, 16, 17, 22, 23, 24, 25, 26, 27, 28, 29, 30, 31, 33, 34, 36, 38, 39, 41, 43, 44, 46, 49, 50, 57, 61, 65, 69, 75, 79, 85, 89, 94, 95, 101, 107, 108, 110, 112, 122, 124, 134, 135, 136, 137, 138, 140, 150, 151, 152, 153, 154], "summary": {"covered_lines": 54, "num_statements": 54, "percent_covered": 100.0, "percent_covered_display": "100.00", "missing_lines": 0, "excluded_lines": 0, "num_branches": 8, "num_partial_branches": 0, "covered_branches": 8, "missing_branches": 0}, "missing_lines": [], "excluded_lines": [], "executed_branches": [[134, 135], [134, 136], [136, 137], [136, 138], [150, 151], [150, 152], [152, 153], [152, 154]], "missing_branches": [], "functions": {"TipoRelacion.is_causal": {"executed_lines": [36], "summary": {"covered_lines": 1, "num_statements": 1, "percent_covered": 100.0, "percent_covered_display": "100.00", "missing_lines": 0, "excluded_lines": 0, "num_branches": 0, "num_partial_branches": 0, "covered_branches": 0, "missing_branches": 0}, "missing_lines": [], "excluded_lines": [], "executed_branches": [], "missing_branches": []}, "TipoRelacion.is_temporal": {"executed_lines": [41], "summary": {"covered_lines": 1, "num_statements": 1, "percent_covered": 100.0, "percent_covered_display": "100.00", "missing_lines": 0, "excluded_lines": 0, "num_branches": 0, "num_partial_branches": 0, "covered_branches": 0, "missing_branches": 0}, "missing_lines": [], "excluded_lines": [], "executed_branches": [], "missing_branches": []}, "TipoRelacion.is_contradictory": {"executed_lines": [46], "summary": {"covered_lines": 1, "num_statements": 1, "percent_covered": 100.0, "percent_covered_display": "100.00", "missing_lines": 0, "excluded_lines": 0, "num_branches": 0, "num_partial_branches": 0, "covered_branches": 0, "missing_branches": 0}, "missing_lines": [], "excluded_lines": [], "executed_branches": [], "missing_branches": []}, "HechoRelacionado.is_bidirectional": {"executed_lines": [101], "summary": {"covered_lines": 1, "num_statements": 1, "percent_covered": 100.0, "percent_covered_display": "100.00", "missing_lines": 0, "excluded_lines": 0, "num_branches": 0, "num_partial_branches": 0, "covered_branches": 0, "missing_branches": 0}, "missing_lines": [], "excluded_lines": [], "executed_branches": [], "missing_branches": []}, "HechoRelacionado.is_strong_relation": {"executed_lines": [110], "summary": {"covered_lines": 1, "num_statements": 1, "percent_covered": 100.0, "percent_covered_display": "100.00", "missing_lines": 0, "excluded_lines": 0, "num_branches": 0, "num_partial_branches": 0, "covered_branches": 0, "missing_branches": 0}, "missing_lines": [], "excluded_lines": [], "executed_branches": [], "missing_branches": []}, "HechoRelacionado.involves_hecho": {"executed_lines": [122], "summary": {"covered_lines": 1, "num_statements": 1, "percent_covered": 100.0, "percent_covered_display": "100.00", "missing_lines": 0, "excluded_lines": 0, "num_branches": 0, "num_partial_branches": 0, "covered_branches": 0, "missing_branches": 0}, "missing_lines": [], "excluded_lines": [], "executed_branches": [], "missing_branches": []}, "HechoRelacionado.get_related_id": {"executed_lines": [134, 135, 136, 137, 138], "summary": {"covered_lines": 5, "num_statements": 5, "percent_covered": 100.0, "percent_covered_display": "100.00", "missing_lines": 0, "excluded_lines": 0, "num_branches": 4, "num_partial_branches": 0, "covered_branches": 4, "missing_branches": 0}, "missing_lines": [], "excluded_lines": [], "executed_branches": [[134, 135], [134, 136], [136, 137], [136, 138]], "missing_branches": []}, "HechoRelacionado.get_direction_for_hecho": {"executed_lines": [150, 151, 152, 153, 154], "summary": {"covered_lines": 5, "num_statements": 5, "percent_covered": 100.0, "percent_covered_display": "100.00", "missing_lines": 0, "excluded_lines": 0, "num_branches": 4, "num_partial_branches": 0, "covered_branches": 4, "missing_branches": 0}, "missing_lines": [], "excluded_lines": [], "executed_branches": [[150, 151], [150, 152], [152, 153], [152, 154]], "missing_branches": []}, "": {"executed_lines": [1, 7, 8, 9, 11, 13, 16, 17, 22, 23, 24, 25, 26, 27, 28, 29, 30, 31, 33, 34, 38, 39, 43, 44, 49, 50, 57, 61, 65, 69, 75, 79, 85, 89, 94, 95, 107, 108, 112, 124, 140], "summary": {"covered_lines": 38, "num_statements": 38, "percent_covered": 100.0, "percent_covered_display": "100.00", "missing_lines": 0, "excluded_lines": 0, "num_branches": 0, "num_partial_branches": 0, "covered_branches": 0, "missing_branches": 0}, "missing_lines": [], "excluded_lines": [], "executed_branches": [], "missing_branches": []}}, "classes": {"TipoRelacion": {"executed_lines": [36, 41, 46], "summary": {"covered_lines": 3, "num_statements": 3, "percent_covered": 100.0, "percent_covered_display": "100.00", "missing_lines": 0, "excluded_lines": 0, "num_branches": 0, "num_partial_branches": 0, "covered_branches": 0, "missing_branches": 0}, "missing_lines": [], "excluded_lines": [], "executed_branches": [], "missing_branches": []}, "HechoRelacionado": {"executed_lines": [101, 110, 122, 134, 135, 136, 137, 138, 150, 151, 152, 153, 154], "summary": {"covered_lines": 13, "num_statements": 13, "percent_covered": 100.0, "percent_covered_display": "100.00", "missing_lines": 0, "excluded_lines": 0, "num_branches": 8, "num_partial_branches": 0, "covered_branches": 8, "missing_branches": 0}, "missing_lines": [], "excluded_lines": [], "executed_branches": [[134, 135], [134, 136], [136, 137], [136, 138], [150, 151], [150, 152], [152, 153], [152, 154]], "missing_branches": []}, "": {"executed_lines": [1, 7, 8, 9, 11, 13, 16, 17, 22, 23, 24, 25, 26, 27, 28, 29, 30, 31, 33, 34, 38, 39, 43, 44, 49, 50, 57, 61, 65, 69, 75, 79, 85, 89, 94, 95, 107, 108, 112, 124, 140], "summary": {"covered_lines": 38, "num_statements": 38, "percent_covered": 100.0, "percent_covered_display": "100.00", "missing_lines": 0, "excluded_lines": 0, "num_branches": 0, "num_partial_branches": 0, "covered_branches": 0, "missing_branches": 0}, "missing_lines": [], "excluded_lines": [], "executed_branches": [], "missing_branches": []}}}, "src/models/requests.py": {"executed_lines": [1, 7, 8, 10, 12, 15, 16, 21, 27, 33, 34, 39, 40, 46, 50, 56, 61, 66, 73, 80, 86, 94, 100, 106, 107, 108, 110, 111, 112, 113, 115, 116, 117, 119, 120, 121, 122, 124, 130, 133, 134, 139, 144, 151, 152, 157, 161], "summary": {"covered_lines": 42, "num_statements": 43, "percent_covered": 97.87234042553192, "percent_covered_display": "97.87", "missing_lines": 1, "excluded_lines": 0, "num_branches": 4, "num_partial_branches": 0, "covered_branches": 4, "missing_branches": 0}, "missing_lines": [36], "excluded_lines": [], "executed_branches": [[111, 112], [111, 113], [120, 121], [120, 122]], "missing_branches": [], "functions": {"PaginationParams.page": {"executed_lines": [], "summary": {"covered_lines": 0, "num_statements": 1, "percent_covered": 0.0, "percent_covered_display": "0.00", "missing_lines": 1, "excluded_lines": 0, "num_branches": 0, "num_partial_branches": 0, "covered_branches": 0, "missing_branches": 0}, "missing_lines": [36], "excluded_lines": [], "executed_branches": [], "missing_branches": []}, "HechoFilterParams.validate_date_range": {"executed_lines": [110, 111, 112, 113], "summary": {"covered_lines": 4, "num_statements": 4, "percent_covered": 100.0, "percent_covered_display": "100.00", "missing_lines": 0, "excluded_lines": 0, "num_branches": 2, "num_partial_branches": 0, "covered_branches": 2, "missing_branches": 0}, "missing_lines": [], "excluded_lines": [], "executed_branches": [[111, 112], [111, 113]], "missing_branches": []}, "HechoFilterParams.validate_importance_range": {"executed_lines": [119, 120, 121, 122], "summary": {"covered_lines": 4, "num_statements": 4, "percent_covered": 100.0, "percent_covered_display": "100.00", "missing_lines": 0, "excluded_lines": 0, "num_branches": 2, "num_partial_branches": 0, "covered_branches": 2, "missing_branches": 0}, "missing_lines": [], "excluded_lines": [], "executed_branches": [[120, 121], [120, 122]], "missing_branches": []}, "HechoFilterParams.to_dict": {"executed_lines": [130], "summary": {"covered_lines": 1, "num_statements": 1, "percent_covered": 100.0, "percent_covered_display": "100.00", "missing_lines": 0, "excluded_lines": 0, "num_branches": 0, "num_partial_branches": 0, "covered_branches": 0, "missing_branches": 0}, "missing_lines": [], "excluded_lines": [], "executed_branches": [], "missing_branches": []}, "": {"executed_lines": [1, 7, 8, 10, 12, 15, 16, 21, 27, 33, 34, 39, 40, 46, 50, 56, 61, 66, 73, 80, 86, 94, 100, 106, 107, 108, 115, 116, 117, 124, 133, 134, 139, 144, 151, 152, 157, 161], "summary": {"covered_lines": 33, "num_statements": 33, "percent_covered": 100.0, "percent_covered_display": "100.00", "missing_lines": 0, "excluded_lines": 0, "num_branches": 0, "num_partial_branches": 0, "covered_branches": 0, "missing_branches": 0}, "missing_lines": [], "excluded_lines": [], "executed_branches": [], "missing_branches": []}}, "classes": {"PaginationParams": {"executed_lines": [], "summary": {"covered_lines": 0, "num_statements": 1, "percent_covered": 0.0, "percent_covered_display": "0.00", "missing_lines": 1, "excluded_lines": 0, "num_branches": 0, "num_partial_branches": 0, "covered_branches": 0, "missing_branches": 0}, "missing_lines": [36], "excluded_lines": [], "executed_branches": [], "missing_branches": []}, "HechoFilterParams": {"executed_lines": [110, 111, 112, 113, 119, 120, 121, 122, 130], "summary": {"covered_lines": 9, "num_statements": 9, "percent_covered": 100.0, "percent_covered_display": "100.00", "missing_lines": 0, "excluded_lines": 0, "num_branches": 4, "num_partial_branches": 0, "covered_branches": 4, "missing_branches": 0}, "missing_lines": [], "excluded_lines": [], "executed_branches": [[111, 112], [111, 113], [120, 121], [120, 122]], "missing_branches": []}, "ImportanciaFeedbackRequest": {"executed_lines": [], "summary": {"covered_lines": 0, "num_statements": 0, "percent_covered": 100.0, "percent_covered_display": "100.00", "missing_lines": 0, "excluded_lines": 0, "num_branches": 0, "num_partial_branches": 0, "covered_branches": 0, "missing_branches": 0}, "missing_lines": [], "excluded_lines": [], "executed_branches": [], "missing_branches": []}, "EvaluacionEditorialRequest": {"executed_lines": [], "summary": {"covered_lines": 0, "num_statements": 0, "percent_covered": 100.0, "percent_covered_display": "100.00", "missing_lines": 0, "excluded_lines": 0, "num_branches": 0, "num_partial_branches": 0, "covered_branches": 0, "missing_branches": 0}, "missing_lines": [], "excluded_lines": [], "executed_branches": [], "missing_branches": []}, "": {"executed_lines": [1, 7, 8, 10, 12, 15, 16, 21, 27, 33, 34, 39, 40, 46, 50, 56, 61, 66, 73, 80, 86, 94, 100, 106, 107, 108, 115, 116, 117, 124, 133, 134, 139, 144, 151, 152, 157, 161], "summary": {"covered_lines": 33, "num_statements": 33, "percent_covered": 100.0, "percent_covered_display": "100.00", "missing_lines": 0, "excluded_lines": 0, "num_branches": 0, "num_partial_branches": 0, "covered_branches": 0, "missing_branches": 0}, "missing_lines": [], "excluded_lines": [], "executed_branches": [], "missing_branches": []}}}, "src/models/responses.py": {"executed_lines": [1, 7, 8, 10, 12, 15, 18, 19, 24, 25, 26, 27, 28, 29, 30, 31, 32, 33, 34, 35, 39, 43, 49, 50, 55, 59, 63, 69, 73, 79, 80, 86, 87, 88, 92, 93, 99, 102, 103, 104, 107, 111, 112, 113, 119, 122, 126, 127, 131, 135, 138, 139, 142, 148, 154, 160, 161, 162, 163, 164, 165, 166, 167, 170, 171, 176, 177, 180, 181, 186, 190, 194, 198, 204, 205, 210, 211, 212, 215, 216, 221, 222, 223, 226, 227, 232, 233, 234, 237, 238, 243, 244, 245, 246, 247], "summary": {"covered_lines": 84, "num_statements": 84, "percent_covered": 100.0, "percent_covered_display": "100.00", "missing_lines": 0, "excluded_lines": 0, "num_branches": 0, "num_partial_branches": 0, "covered_branches": 0, "missing_branches": 0}, "missing_lines": [], "excluded_lines": [], "executed_branches": [], "missing_branches": [], "functions": {"": {"executed_lines": [1, 7, 8, 10, 12, 15, 18, 19, 24, 25, 26, 27, 28, 29, 30, 31, 32, 33, 34, 35, 39, 43, 49, 50, 55, 59, 63, 69, 73, 79, 80, 86, 87, 88, 92, 93, 99, 102, 103, 104, 107, 111, 112, 113, 119, 122, 126, 127, 131, 135, 138, 139, 142, 148, 154, 160, 161, 162, 163, 164, 165, 166, 167, 170, 171, 176, 177, 180, 181, 186, 190, 194, 198, 204, 205, 210, 211, 212, 215, 216, 221, 222, 223, 226, 227, 232, 233, 234, 237, 238, 243, 244, 245, 246, 247], "summary": {"covered_lines": 84, "num_statements": 84, "percent_covered": 100.0, "percent_covered_display": "100.00", "missing_lines": 0, "excluded_lines": 0, "num_branches": 0, "num_partial_branches": 0, "covered_branches": 0, "missing_branches": 0}, "missing_lines": [], "excluded_lines": [], "executed_branches": [], "missing_branches": []}}, "classes": {"ArticuloMetadata": {"executed_lines": [], "summary": {"covered_lines": 0, "num_statements": 0, "percent_covered": 100.0, "percent_covered_display": "100.00", "missing_lines": 0, "excluded_lines": 0, "num_branches": 0, "num_partial_branches": 0, "covered_branches": 0, "missing_branches": 0}, "missing_lines": [], "excluded_lines": [], "executed_branches": [], "missing_branches": []}, "HechoRelacionInfo": {"executed_lines": [], "summary": {"covered_lines": 0, "num_statements": 0, "percent_covered": 100.0, "percent_covered_display": "100.00", "missing_lines": 0, "excluded_lines": 0, "num_branches": 0, "num_partial_branches": 0, "covered_branches": 0, "missing_branches": 0}, "missing_lines": [], "excluded_lines": [], "executed_branches": [], "missing_branches": []}, "HechoResponse": {"executed_lines": [], "summary": {"covered_lines": 0, "num_statements": 0, "percent_covered": 100.0, "percent_covered_display": "100.00", "missing_lines": 0, "excluded_lines": 0, "num_branches": 0, "num_partial_branches": 0, "covered_branches": 0, "missing_branches": 0}, "missing_lines": [], "excluded_lines": [], "executed_branches": [], "missing_branches": []}, "PaginationInfo": {"executed_lines": [], "summary": {"covered_lines": 0, "num_statements": 0, "percent_covered": 100.0, "percent_covered_display": "100.00", "missing_lines": 0, "excluded_lines": 0, "num_branches": 0, "num_partial_branches": 0, "covered_branches": 0, "missing_branches": 0}, "missing_lines": [], "excluded_lines": [], "executed_branches": [], "missing_branches": []}, "PaginatedResponse": {"executed_lines": [], "summary": {"covered_lines": 0, "num_statements": 0, "percent_covered": 100.0, "percent_covered_display": "100.00", "missing_lines": 0, "excluded_lines": 0, "num_branches": 0, "num_partial_branches": 0, "covered_branches": 0, "missing_branches": 0}, "missing_lines": [], "excluded_lines": [], "executed_branches": [], "missing_branches": []}, "FilterOptionsResponse": {"executed_lines": [], "summary": {"covered_lines": 0, "num_statements": 0, "percent_covered": 100.0, "percent_covered_display": "100.00", "missing_lines": 0, "excluded_lines": 0, "num_branches": 0, "num_partial_branches": 0, "covered_branches": 0, "missing_branches": 0}, "missing_lines": [], "excluded_lines": [], "executed_branches": [], "missing_branches": []}, "FeedbackResponse": {"executed_lines": [], "summary": {"covered_lines": 0, "num_statements": 0, "percent_covered": 100.0, "percent_covered_display": "100.00", "missing_lines": 0, "excluded_lines": 0, "num_branches": 0, "num_partial_branches": 0, "covered_branches": 0, "missing_branches": 0}, "missing_lines": [], "excluded_lines": [], "executed_branches": [], "missing_branches": []}, "HealthResponse": {"executed_lines": [], "summary": {"covered_lines": 0, "num_statements": 0, "percent_covered": 100.0, "percent_covered_display": "100.00", "missing_lines": 0, "excluded_lines": 0, "num_branches": 0, "num_partial_branches": 0, "covered_branches": 0, "missing_branches": 0}, "missing_lines": [], "excluded_lines": [], "executed_branches": [], "missing_branches": []}, "DependencyHealth": {"executed_lines": [], "summary": {"covered_lines": 0, "num_statements": 0, "percent_covered": 100.0, "percent_covered_display": "100.00", "missing_lines": 0, "excluded_lines": 0, "num_branches": 0, "num_partial_branches": 0, "covered_branches": 0, "missing_branches": 0}, "missing_lines": [], "excluded_lines": [], "executed_branches": [], "missing_branches": []}, "DetailedHealthResponse": {"executed_lines": [], "summary": {"covered_lines": 0, "num_statements": 0, "percent_covered": 100.0, "percent_covered_display": "100.00", "missing_lines": 0, "excluded_lines": 0, "num_branches": 0, "num_partial_branches": 0, "covered_branches": 0, "missing_branches": 0}, "missing_lines": [], "excluded_lines": [], "executed_branches": [], "missing_branches": []}, "": {"executed_lines": [1, 7, 8, 10, 12, 15, 18, 19, 24, 25, 26, 27, 28, 29, 30, 31, 32, 33, 34, 35, 39, 43, 49, 50, 55, 59, 63, 69, 73, 79, 80, 86, 87, 88, 92, 93, 99, 102, 103, 104, 107, 111, 112, 113, 119, 122, 126, 127, 131, 135, 138, 139, 142, 148, 154, 160, 161, 162, 163, 164, 165, 166, 167, 170, 171, 176, 177, 180, 181, 186, 190, 194, 198, 204, 205, 210, 211, 212, 215, 216, 221, 222, 223, 226, 227, 232, 233, 234, 237, 238, 243, 244, 245, 246, 247], "summary": {"covered_lines": 84, "num_statements": 84, "percent_covered": 100.0, "percent_covered_display": "100.00", "missing_lines": 0, "excluded_lines": 0, "num_branches": 0, "num_partial_branches": 0, "covered_branches": 0, "missing_branches": 0}, "missing_lines": [], "excluded_lines": [], "executed_branches": [], "missing_branches": []}}}, "src/services/feedback_service.py": {"executed_lines": [1, 6, 7, 9, 10, 11, 14, 15, 22, 25, 26, 28, 46, 52, 123, 141, 147], "summary": {"covered_lines": 15, "num_statements": 46, "percent_covered": 28.846153846153847, "percent_covered_display": "28.85", "missing_lines": 31, "excluded_lines": 0, "num_branches": 6, "num_partial_branches": 0, "covered_branches": 0, "missing_branches": 6}, "missing_lines": [57, 58, 59, 63, 66, 67, 68, 75, 79, 81, 82, 86, 87, 88, 96, 98, 103, 107, 108, 109, 117, 119, 152, 153, 154, 158, 161, 162, 163, 172, 174], "excluded_lines": [], "executed_branches": [], "missing_branches": [[57, 58], [57, 63], [79, 81], [79, 103], [152, 153], [152, 158]], "functions": {"FeedbackService.__init__": {"executed_lines": [25, 26], "summary": {"covered_lines": 2, "num_statements": 2, "percent_covered": 100.0, "percent_covered_display": "100.00", "missing_lines": 0, "excluded_lines": 0, "num_branches": 0, "num_partial_branches": 0, "covered_branches": 0, "missing_branches": 0}, "missing_lines": [], "excluded_lines": [], "executed_branches": [], "missing_branches": []}, "FeedbackService.submit_importancia_feedback": {"executed_lines": [46, 52], "summary": {"covered_lines": 2, "num_statements": 20, "percent_covered": 8.333333333333334, "percent_covered_display": "8.33", "missing_lines": 18, "excluded_lines": 0, "num_branches": 4, "num_partial_branches": 0, "covered_branches": 0, "missing_branches": 4}, "missing_lines": [57, 58, 59, 63, 66, 75, 79, 81, 82, 86, 96, 98, 103, 107, 108, 109, 117, 119], "excluded_lines": [], "executed_branches": [], "missing_branches": [[57, 58], [57, 63], [79, 81], [79, 103]]}, "FeedbackService.submit_importancia_feedback._check_existing_feedback": {"executed_lines": [], "summary": {"covered_lines": 0, "num_statements": 2, "percent_covered": 0.0, "percent_covered_display": "0.00", "missing_lines": 2, "excluded_lines": 0, "num_branches": 0, "num_partial_branches": 0, "covered_branches": 0, "missing_branches": 0}, "missing_lines": [67, 68], "excluded_lines": [], "executed_branches": [], "missing_branches": []}, "FeedbackService.submit_importancia_feedback._update_feedback": {"executed_lines": [], "summary": {"covered_lines": 0, "num_statements": 2, "percent_covered": 0.0, "percent_covered_display": "0.00", "missing_lines": 2, "excluded_lines": 0, "num_branches": 0, "num_partial_branches": 0, "covered_branches": 0, "missing_branches": 0}, "missing_lines": [87, 88], "excluded_lines": [], "executed_branches": [], "missing_branches": []}, "FeedbackService.submit_evaluacion_editorial": {"executed_lines": [141, 147], "summary": {"covered_lines": 2, "num_statements": 9, "percent_covered": 18.181818181818183, "percent_covered_display": "18.18", "missing_lines": 7, "excluded_lines": 0, "num_branches": 2, "num_partial_branches": 0, "covered_branches": 0, "missing_branches": 2}, "missing_lines": [152, 153, 154, 158, 161, 172, 174], "excluded_lines": [], "executed_branches": [], "missing_branches": [[152, 153], [152, 158]]}, "FeedbackService.submit_evaluacion_editorial._update_evaluation": {"executed_lines": [], "summary": {"covered_lines": 0, "num_statements": 2, "percent_covered": 0.0, "percent_covered_display": "0.00", "missing_lines": 2, "excluded_lines": 0, "num_branches": 0, "num_partial_branches": 0, "covered_branches": 0, "missing_branches": 0}, "missing_lines": [162, 163], "excluded_lines": [], "executed_branches": [], "missing_branches": []}, "": {"executed_lines": [1, 6, 7, 9, 10, 11, 14, 15, 22, 28, 123], "summary": {"covered_lines": 9, "num_statements": 9, "percent_covered": 100.0, "percent_covered_display": "100.00", "missing_lines": 0, "excluded_lines": 0, "num_branches": 0, "num_partial_branches": 0, "covered_branches": 0, "missing_branches": 0}, "missing_lines": [], "excluded_lines": [], "executed_branches": [], "missing_branches": []}}, "classes": {"FeedbackService": {"executed_lines": [25, 26, 46, 52, 141, 147], "summary": {"covered_lines": 6, "num_statements": 37, "percent_covered": 13.953488372093023, "percent_covered_display": "13.95", "missing_lines": 31, "excluded_lines": 0, "num_branches": 6, "num_partial_branches": 0, "covered_branches": 0, "missing_branches": 6}, "missing_lines": [57, 58, 59, 63, 66, 67, 68, 75, 79, 81, 82, 86, 87, 88, 96, 98, 103, 107, 108, 109, 117, 119, 152, 153, 154, 158, 161, 162, 163, 172, 174], "excluded_lines": [], "executed_branches": [], "missing_branches": [[57, 58], [57, 63], [79, 81], [79, 103], [152, 153], [152, 158]]}, "": {"executed_lines": [1, 6, 7, 9, 10, 11, 14, 15, 22, 28, 123], "summary": {"covered_lines": 9, "num_statements": 9, "percent_covered": 100.0, "percent_covered_display": "100.00", "missing_lines": 0, "excluded_lines": 0, "num_branches": 0, "num_partial_branches": 0, "covered_branches": 0, "missing_branches": 0}, "missing_lines": [], "excluded_lines": [], "executed_branches": [], "missing_branches": []}}}, "src/services/hechos_service.py": {"executed_lines": [1, 8, 9, 11, 12, 13, 14, 17, 18, 25, 27, 28, 30, 59, 60, 66, 91, 95, 97, 98, 99, 101, 103, 104, 105, 108, 110, 111, 113, 115, 116, 119, 121, 122, 124, 126, 127, 131, 137, 138, 139, 141, 142, 143, 146, 152, 153, 156, 157, 159, 160, 163, 164, 167, 168, 170, 175, 178, 181, 184, 189, 192, 195, 196, 292, 295, 300, 302, 309, 311, 316, 318, 334, 337, 338, 339, 340, 343, 344, 347, 350, 351, 355, 356, 359, 362, 363, 367, 368, 372, 376, 377, 381, 382, 386, 390, 391, 395, 401, 402, 406, 415, 432, 433, 434, 436, 437, 441, 451, 452, 454, 457, 459, 461, 464, 465, 467, 468, 470, 472, 481, 482, 483, 486, 487, 489, 494, 496, 497, 502], "summary": {"covered_lines": 128, "num_statements": 156, "percent_covered": 81.86274509803921, "percent_covered_display": "81.86", "missing_lines": 28, "excluded_lines": 1, "num_branches": 48, "num_partial_branches": 5, "covered_branches": 39, "missing_branches": 9}, "missing_lines": [185, 186, 198, 201, 202, 218, 219, 224, 235, 238, 239, 280, 282, 283, 288, 293, 304, 308, 348, 349, 360, 361, 373, 374, 375, 387, 388, 389], "excluded_lines": [150], "executed_branches": [[95, 97], [95, 101], [101, 103], [101, 108], [108, 110], [108, 113], [113, 115], [113, 119], [119, 121], [119, 124], [124, 126], [124, 131], [137, 138], [137, 141], [141, 142], [141, 146], [152, 153], [152, 156], [156, 157], [156, 159], [159, 160], [159, 163], [184, 189], [196, 292], [292, 295], [401, 402], [432, 433], [432, 436], [459, 461], [459, 486], [464, 459], [464, 465], [465, 464], [465, 467], [470, 472], [481, 482], [481, 483], [486, 487], [486, 489]], "missing_branches": [[184, 185], [196, 198], [292, 293], [373, 374], [373, 375], [387, 388], [387, 389], [401, 406], [470, 464]], "functions": {"HechosService.__init__": {"executed_lines": [27, 28], "summary": {"covered_lines": 2, "num_statements": 2, "percent_covered": 100.0, "percent_covered_display": "100.00", "missing_lines": 0, "excluded_lines": 0, "num_branches": 0, "num_partial_branches": 0, "covered_branches": 0, "missing_branches": 0}, "missing_lines": [], "excluded_lines": [], "executed_branches": [], "missing_branches": []}, "HechosService.get_hechos_for_revision": {"executed_lines": [59, 60, 66, 91, 95, 97, 98, 99, 101, 103, 104, 105, 108, 110, 111, 113, 115, 116, 119, 121, 122, 124, 126, 127, 131, 137, 138, 139, 141, 142, 143, 146, 152, 153, 156, 157, 159, 160, 163, 164, 167, 168, 170, 175, 178, 181, 184, 189, 192, 195, 196, 292, 295, 300, 302, 309, 311, 316], "summary": {"covered_lines": 58, "num_statements": 76, "percent_covered": 79.8076923076923, "percent_covered_display": "79.81", "missing_lines": 18, "excluded_lines": 1, "num_branches": 28, "num_partial_branches": 3, "covered_branches": 25, "missing_branches": 3}, "missing_lines": [185, 186, 198, 201, 202, 218, 219, 224, 235, 238, 239, 280, 282, 283, 288, 293, 304, 308], "excluded_lines": [150], "executed_branches": [[95, 97], [95, 101], [101, 103], [101, 108], [108, 110], [108, 113], [113, 115], [113, 119], [119, 121], [119, 124], [124, 126], [124, 131], [137, 138], [137, 141], [141, 142], [141, 146], [152, 153], [152, 156], [156, 157], [156, 159], [159, 160], [159, 163], [184, 189], [196, 292], [292, 295]], "missing_branches": [[184, 185], [196, 198], [292, 293]]}, "HechosService.get_filter_options": {"executed_lines": [334, 337, 338, 339, 340, 343, 344, 347, 350, 351, 355, 356, 359, 362, 363, 367, 368, 372, 376, 377, 381, 382, 386, 390, 391, 395, 401, 402, 406], "summary": {"covered_lines": 29, "num_statements": 39, "percent_covered": 66.66666666666667, "percent_covered_display": "66.67", "missing_lines": 10, "excluded_lines": 0, "num_branches": 6, "num_partial_branches": 1, "covered_branches": 1, "missing_branches": 5}, "missing_lines": [348, 349, 360, 361, 373, 374, 375, 387, 388, 389], "excluded_lines": [], "executed_branches": [[401, 402]], "missing_branches": [[373, 374], [373, 375], [387, 388], [387, 389], [401, 406]]}, "HechosService.get_relaciones_para_hechos": {"executed_lines": [432, 433, 434, 436, 437, 441, 451, 452, 454, 457, 459, 461, 464, 465, 467, 468, 470, 472, 481, 482, 483, 486, 487, 489, 494, 496, 497, 502], "summary": {"covered_lines": 28, "num_statements": 28, "percent_covered": 97.61904761904762, "percent_covered_display": "97.62", "missing_lines": 0, "excluded_lines": 0, "num_branches": 14, "num_partial_branches": 1, "covered_branches": 13, "missing_branches": 1}, "missing_lines": [], "excluded_lines": [], "executed_branches": [[432, 433], [432, 436], [459, 461], [459, 486], [464, 459], [464, 465], [465, 464], [465, 467], [470, 472], [481, 482], [481, 483], [486, 487], [486, 489]], "missing_branches": [[470, 464]]}, "": {"executed_lines": [1, 8, 9, 11, 12, 13, 14, 17, 18, 25, 30, 318, 415], "summary": {"covered_lines": 11, "num_statements": 11, "percent_covered": 100.0, "percent_covered_display": "100.00", "missing_lines": 0, "excluded_lines": 0, "num_branches": 0, "num_partial_branches": 0, "covered_branches": 0, "missing_branches": 0}, "missing_lines": [], "excluded_lines": [], "executed_branches": [], "missing_branches": []}}, "classes": {"HechosService": {"executed_lines": [27, 28, 59, 60, 66, 91, 95, 97, 98, 99, 101, 103, 104, 105, 108, 110, 111, 113, 115, 116, 119, 121, 122, 124, 126, 127, 131, 137, 138, 139, 141, 142, 143, 146, 152, 153, 156, 157, 159, 160, 163, 164, 167, 168, 170, 175, 178, 181, 184, 189, 192, 195, 196, 292, 295, 300, 302, 309, 311, 316, 334, 337, 338, 339, 340, 343, 344, 347, 350, 351, 355, 356, 359, 362, 363, 367, 368, 372, 376, 377, 381, 382, 386, 390, 391, 395, 401, 402, 406, 432, 433, 434, 436, 437, 441, 451, 452, 454, 457, 459, 461, 464, 465, 467, 468, 470, 472, 481, 482, 483, 486, 487, 489, 494, 496, 497, 502], "summary": {"covered_lines": 117, "num_statements": 145, "percent_covered": 80.82901554404145, "percent_covered_display": "80.83", "missing_lines": 28, "excluded_lines": 1, "num_branches": 48, "num_partial_branches": 5, "covered_branches": 39, "missing_branches": 9}, "missing_lines": [185, 186, 198, 201, 202, 218, 219, 224, 235, 238, 239, 280, 282, 283, 288, 293, 304, 308, 348, 349, 360, 361, 373, 374, 375, 387, 388, 389], "excluded_lines": [150], "executed_branches": [[95, 97], [95, 101], [101, 103], [101, 108], [108, 110], [108, 113], [113, 115], [113, 119], [119, 121], [119, 124], [124, 126], [124, 131], [137, 138], [137, 141], [141, 142], [141, 146], [152, 153], [152, 156], [156, 157], [156, 159], [159, 160], [159, 163], [184, 189], [196, 292], [292, 295], [401, 402], [432, 433], [432, 436], [459, 461], [459, 486], [464, 459], [464, 465], [465, 464], [465, 467], [470, 472], [481, 482], [481, 483], [486, 487], [486, 489]], "missing_branches": [[184, 185], [196, 198], [292, 293], [373, 374], [373, 375], [387, 388], [387, 389], [401, 406], [470, 464]]}, "": {"executed_lines": [1, 8, 9, 11, 12, 13, 14, 17, 18, 25, 30, 318, 415], "summary": {"covered_lines": 11, "num_statements": 11, "percent_covered": 100.0, "percent_covered_display": "100.00", "missing_lines": 0, "excluded_lines": 0, "num_branches": 0, "num_partial_branches": 0, "covered_branches": 0, "missing_branches": 0}, "missing_lines": [], "excluded_lines": [], "executed_branches": [], "missing_branches": []}}}, "src/services/supabase_client.py": {"executed_lines": [1, 6, 7, 8, 9, 10, 12, 13, 17, 20, 21, 33, 34, 35, 36, 38, 44, 45, 62, 63, 64, 66, 67, 77, 78, 81, 85, 90, 103, 104, 134, 136, 137, 139, 142, 149, 150, 153, 154, 157, 160, 162, 168, 175, 176, 190, 191, 260, 261, 286, 287, 288, 295, 305, 306, 353, 354], "summary": {"covered_lines": 55, "num_statements": 115, "percent_covered": 41.61073825503356, "percent_covered_display": "41.61", "missing_lines": 60, "excluded_lines": 1, "num_branches": 34, "num_partial_branches": 3, "covered_branches": 7, "missing_branches": 27}, "missing_lines": [40, 41, 42, 82, 92, 93, 94, 97, 98, 99, 140, 145, 146, 147, 171, 172, 173, 187, 188, 224, 225, 228, 231, 232, 233, 234, 237, 238, 241, 244, 247, 250, 251, 253, 258, 298, 299, 300, 302, 303, 335, 336, 337, 343, 345, 346, 347, 349, 375, 376, 379, 382, 383, 384, 385, 388, 391, 393, 394, 399], "excluded_lines": [110], "executed_branches": [[62, 63], [62, 64], [81, 85], [136, 137], [139, 142], [153, 154], [153, 160]], "missing_branches": [[40, 41], [40, 42], [81, 82], [136, 171], [139, 140], [145, 146], [145, 147], [171, 172], [171, 173], [231, 232], [231, 237], [232, 233], [232, 237], [233, 232], [233, 234], [237, 238], [237, 241], [298, 299], [298, 302], [345, 346], [345, 349], [382, 383], [382, 388], [383, 384], [383, 388], [384, 383], [384, 385]], "functions": {"SupabaseClient.__new__": {"executed_lines": [], "summary": {"covered_lines": 0, "num_statements": 3, "percent_covered": 0.0, "percent_covered_display": "0.00", "missing_lines": 3, "excluded_lines": 0, "num_branches": 2, "num_partial_branches": 0, "covered_branches": 0, "missing_branches": 2}, "missing_lines": [40, 41, 42], "excluded_lines": [], "executed_branches": [], "missing_branches": [[40, 41], [40, 42]]}, "SupabaseClient.get_client": {"executed_lines": [62, 63, 64], "summary": {"covered_lines": 3, "num_statements": 3, "percent_covered": 100.0, "percent_covered_display": "100.00", "missing_lines": 0, "excluded_lines": 0, "num_branches": 2, "num_partial_branches": 0, "covered_branches": 2, "missing_branches": 0}, "missing_lines": [], "excluded_lines": [], "executed_branches": [[62, 63], [62, 64]], "missing_branches": []}, "SupabaseClient._initialize_client": {"executed_lines": [77, 78, 81, 85, 90], "summary": {"covered_lines": 5, "num_statements": 12, "percent_covered": 42.857142857142854, "percent_covered_display": "42.86", "missing_lines": 7, "excluded_lines": 0, "num_branches": 2, "num_partial_branches": 1, "covered_branches": 1, "missing_branches": 1}, "missing_lines": [82, 92, 93, 94, 97, 98, 99], "excluded_lines": [], "executed_branches": [[81, 85]], "missing_branches": [[81, 82]]}, "SupabaseClient.execute_with_retry": {"executed_lines": [134, 136, 137, 139, 142, 149, 150, 153, 154, 157, 160, 162, 168], "summary": {"covered_lines": 13, "num_statements": 20, "percent_covered": 56.666666666666664, "percent_covered_display": "56.67", "missing_lines": 7, "excluded_lines": 1, "num_branches": 10, "num_partial_branches": 2, "covered_branches": 4, "missing_branches": 6}, "missing_lines": [140, 145, 146, 147, 171, 172, 173], "excluded_lines": [110], "executed_branches": [[136, 137], [139, 142], [153, 154], [153, 160]], "missing_branches": [[136, 171], [139, 140], [145, 146], [145, 147], [171, 172], [171, 173]]}, "SupabaseClient.reset_client": {"executed_lines": [], "summary": {"covered_lines": 0, "num_statements": 2, "percent_covered": 0.0, "percent_covered_display": "0.00", "missing_lines": 2, "excluded_lines": 0, "num_branches": 0, "num_partial_branches": 0, "covered_branches": 0, "missing_branches": 0}, "missing_lines": [187, 188], "excluded_lines": [], "executed_branches": [], "missing_branches": []}, "SupabaseClient.select_with_pagination": {"executed_lines": [], "summary": {"covered_lines": 0, "num_statements": 6, "percent_covered": 0.0, "percent_covered_display": "0.00", "missing_lines": 6, "excluded_lines": 0, "num_branches": 0, "num_partial_branches": 0, "covered_branches": 0, "missing_branches": 0}, "missing_lines": [224, 247, 250, 251, 253, 258], "excluded_lines": [], "executed_branches": [], "missing_branches": []}, "SupabaseClient.select_with_pagination._execute_select": {"executed_lines": [], "summary": {"covered_lines": 0, "num_statements": 10, "percent_covered": 0.0, "percent_covered_display": "0.00", "missing_lines": 10, "excluded_lines": 0, "num_branches": 8, "num_partial_branches": 0, "covered_branches": 0, "missing_branches": 8}, "missing_lines": [225, 228, 231, 232, 233, 234, 237, 238, 241, 244], "excluded_lines": [], "executed_branches": [], "missing_branches": [[231, 232], [231, 237], [232, 233], [232, 237], [233, 232], [233, 234], [237, 238], [237, 241]]}, "SupabaseClient.get_single_record": {"executed_lines": [286, 295], "summary": {"covered_lines": 2, "num_statements": 7, "percent_covered": 22.22222222222222, "percent_covered_display": "22.22", "missing_lines": 5, "excluded_lines": 0, "num_branches": 2, "num_partial_branches": 0, "covered_branches": 0, "missing_branches": 2}, "missing_lines": [298, 299, 300, 302, 303], "excluded_lines": [], "executed_branches": [], "missing_branches": [[298, 299], [298, 302]]}, "SupabaseClient.get_single_record._get_record": {"executed_lines": [287, 288], "summary": {"covered_lines": 2, "num_statements": 2, "percent_covered": 100.0, "percent_covered_display": "100.00", "missing_lines": 0, "excluded_lines": 0, "num_branches": 0, "num_partial_branches": 0, "covered_branches": 0, "missing_branches": 0}, "missing_lines": [], "excluded_lines": [], "executed_branches": [], "missing_branches": []}, "SupabaseClient.update_record": {"executed_lines": [], "summary": {"covered_lines": 0, "num_statements": 6, "percent_covered": 0.0, "percent_covered_display": "0.00", "missing_lines": 6, "excluded_lines": 0, "num_branches": 2, "num_partial_branches": 0, "covered_branches": 0, "missing_branches": 2}, "missing_lines": [335, 343, 345, 346, 347, 349], "excluded_lines": [], "executed_branches": [], "missing_branches": [[345, 346], [345, 349]]}, "SupabaseClient.update_record._update_record": {"executed_lines": [], "summary": {"covered_lines": 0, "num_statements": 2, "percent_covered": 0.0, "percent_covered_display": "0.00", "missing_lines": 2, "excluded_lines": 0, "num_branches": 0, "num_partial_branches": 0, "covered_branches": 0, "missing_branches": 0}, "missing_lines": [336, 337], "excluded_lines": [], "executed_branches": [], "missing_branches": []}, "SupabaseClient.count_records": {"executed_lines": [], "summary": {"covered_lines": 0, "num_statements": 5, "percent_covered": 0.0, "percent_covered_display": "0.00", "missing_lines": 5, "excluded_lines": 0, "num_branches": 0, "num_partial_branches": 0, "covered_branches": 0, "missing_branches": 0}, "missing_lines": [375, 391, 393, 394, 399], "excluded_lines": [], "executed_branches": [], "missing_branches": []}, "SupabaseClient.count_records._count_records": {"executed_lines": [], "summary": {"covered_lines": 0, "num_statements": 7, "percent_covered": 0.0, "percent_covered_display": "0.00", "missing_lines": 7, "excluded_lines": 0, "num_branches": 6, "num_partial_branches": 0, "covered_branches": 0, "missing_branches": 6}, "missing_lines": [376, 379, 382, 383, 384, 385, 388], "excluded_lines": [], "executed_branches": [], "missing_branches": [[382, 383], [382, 388], [383, 384], [383, 388], [384, 383], [384, 385]]}, "": {"executed_lines": [1, 6, 7, 8, 9, 10, 12, 13, 17, 20, 21, 33, 34, 35, 36, 38, 44, 45, 66, 67, 103, 104, 175, 176, 190, 191, 260, 261, 305, 306, 353, 354], "summary": {"covered_lines": 30, "num_statements": 30, "percent_covered": 100.0, "percent_covered_display": "100.00", "missing_lines": 0, "excluded_lines": 0, "num_branches": 0, "num_partial_branches": 0, "covered_branches": 0, "missing_branches": 0}, "missing_lines": [], "excluded_lines": [], "executed_branches": [], "missing_branches": []}}, "classes": {"SupabaseClient": {"executed_lines": [62, 63, 64, 77, 78, 81, 85, 90, 134, 136, 137, 139, 142, 149, 150, 153, 154, 157, 160, 162, 168, 286, 287, 288, 295], "summary": {"covered_lines": 25, "num_statements": 85, "percent_covered": 26.89075630252101, "percent_covered_display": "26.89", "missing_lines": 60, "excluded_lines": 1, "num_branches": 34, "num_partial_branches": 3, "covered_branches": 7, "missing_branches": 27}, "missing_lines": [40, 41, 42, 82, 92, 93, 94, 97, 98, 99, 140, 145, 146, 147, 171, 172, 173, 187, 188, 224, 225, 228, 231, 232, 233, 234, 237, 238, 241, 244, 247, 250, 251, 253, 258, 298, 299, 300, 302, 303, 335, 336, 337, 343, 345, 346, 347, 349, 375, 376, 379, 382, 383, 384, 385, 388, 391, 393, 394, 399], "excluded_lines": [110], "executed_branches": [[62, 63], [62, 64], [81, 85], [136, 137], [139, 142], [153, 154], [153, 160]], "missing_branches": [[40, 41], [40, 42], [81, 82], [136, 171], [139, 140], [145, 146], [145, 147], [171, 172], [171, 173], [231, 232], [231, 237], [232, 233], [232, 237], [233, 232], [233, 234], [237, 238], [237, 241], [298, 299], [298, 302], [345, 346], [345, 349], [382, 383], [382, 388], [383, 384], [383, 388], [384, 383], [384, 385]]}, "": {"executed_lines": [1, 6, 7, 8, 9, 10, 12, 13, 17, 20, 21, 33, 34, 35, 36, 38, 44, 45, 66, 67, 103, 104, 175, 176, 190, 191, 260, 261, 305, 306, 353, 354], "summary": {"covered_lines": 30, "num_statements": 30, "percent_covered": 100.0, "percent_covered_display": "100.00", "missing_lines": 0, "excluded_lines": 0, "num_branches": 0, "num_partial_branches": 0, "covered_branches": 0, "missing_branches": 0}, "missing_lines": [], "excluded_lines": [], "executed_branches": [], "missing_branches": []}}}, "src/utils/config.py": {"executed_lines": [1, 6, 7, 10, 11, 14, 15, 18, 19, 22, 25, 26, 29, 31, 32, 34, 36, 37, 39, 40, 44], "summary": {"covered_lines": 19, "num_statements": 19, "percent_covered": 100.0, "percent_covered_display": "100.00", "missing_lines": 0, "excluded_lines": 0, "num_branches": 0, "num_partial_branches": 0, "covered_branches": 0, "missing_branches": 0}, "missing_lines": [], "excluded_lines": [], "executed_branches": [], "missing_branches": [], "functions": {"Settings.cors_origins_list": {"executed_lines": [34], "summary": {"covered_lines": 1, "num_statements": 1, "percent_covered": 100.0, "percent_covered_display": "100.00", "missing_lines": 0, "excluded_lines": 0, "num_branches": 0, "num_partial_branches": 0, "covered_branches": 0, "missing_branches": 0}, "missing_lines": [], "excluded_lines": [], "executed_branches": [], "missing_branches": []}, "Settings.LOGGING_CONFIG": {"executed_lines": [39, 40], "summary": {"covered_lines": 2, "num_statements": 2, "percent_covered": 100.0, "percent_covered_display": "100.00", "missing_lines": 0, "excluded_lines": 0, "num_branches": 0, "num_partial_branches": 0, "covered_branches": 0, "missing_branches": 0}, "missing_lines": [], "excluded_lines": [], "executed_branches": [], "missing_branches": []}, "": {"executed_lines": [1, 6, 7, 10, 11, 14, 15, 18, 19, 22, 25, 26, 29, 31, 32, 36, 37, 44], "summary": {"covered_lines": 16, "num_statements": 16, "percent_covered": 100.0, "percent_covered_display": "100.00", "missing_lines": 0, "excluded_lines": 0, "num_branches": 0, "num_partial_branches": 0, "covered_branches": 0, "missing_branches": 0}, "missing_lines": [], "excluded_lines": [], "executed_branches": [], "missing_branches": []}}, "classes": {"Settings": {"executed_lines": [34, 39, 40], "summary": {"covered_lines": 3, "num_statements": 3, "percent_covered": 100.0, "percent_covered_display": "100.00", "missing_lines": 0, "excluded_lines": 0, "num_branches": 0, "num_partial_branches": 0, "covered_branches": 0, "missing_branches": 0}, "missing_lines": [], "excluded_lines": [], "executed_branches": [], "missing_branches": []}, "": {"executed_lines": [1, 6, 7, 10, 11, 14, 15, 18, 19, 22, 25, 26, 29, 31, 32, 36, 37, 44], "summary": {"covered_lines": 16, "num_statements": 16, "percent_covered": 100.0, "percent_covered_display": "100.00", "missing_lines": 0, "excluded_lines": 0, "num_branches": 0, "num_partial_branches": 0, "covered_branches": 0, "missing_branches": 0}, "missing_lines": [], "excluded_lines": [], "executed_branches": [], "missing_branches": []}}}, "src/utils/exceptions.py": {"executed_lines": [1, 6, 9, 10, 21, 29, 30, 31, 34, 35, 46, 53, 56, 57, 68, 75, 78, 79, 90, 97], "summary": {"covered_lines": 15, "num_statements": 15, "percent_covered": 100.0, "percent_covered_display": "100.00", "missing_lines": 0, "excluded_lines": 0, "num_branches": 0, "num_partial_branches": 0, "covered_branches": 0, "missing_branches": 0}, "missing_lines": [], "excluded_lines": [], "executed_branches": [], "missing_branches": [], "functions": {"BaseAPIException.__init__": {"executed_lines": [29, 30, 31], "summary": {"covered_lines": 3, "num_statements": 3, "percent_covered": 100.0, "percent_covered_display": "100.00", "missing_lines": 0, "excluded_lines": 0, "num_branches": 0, "num_partial_branches": 0, "covered_branches": 0, "missing_branches": 0}, "missing_lines": [], "excluded_lines": [], "executed_branches": [], "missing_branches": []}, "DatabaseConnectionError.__init__": {"executed_lines": [53], "summary": {"covered_lines": 1, "num_statements": 1, "percent_covered": 100.0, "percent_covered_display": "100.00", "missing_lines": 0, "excluded_lines": 0, "num_branches": 0, "num_partial_branches": 0, "covered_branches": 0, "missing_branches": 0}, "missing_lines": [], "excluded_lines": [], "executed_branches": [], "missing_branches": []}, "ResourceNotFoundError.__init__": {"executed_lines": [75], "summary": {"covered_lines": 1, "num_statements": 1, "percent_covered": 100.0, "percent_covered_display": "100.00", "missing_lines": 0, "excluded_lines": 0, "num_branches": 0, "num_partial_branches": 0, "covered_branches": 0, "missing_branches": 0}, "missing_lines": [], "excluded_lines": [], "executed_branches": [], "missing_branches": []}, "ValidationError.__init__": {"executed_lines": [97], "summary": {"covered_lines": 1, "num_statements": 1, "percent_covered": 100.0, "percent_covered_display": "100.00", "missing_lines": 0, "excluded_lines": 0, "num_branches": 0, "num_partial_branches": 0, "covered_branches": 0, "missing_branches": 0}, "missing_lines": [], "excluded_lines": [], "executed_branches": [], "missing_branches": []}, "": {"executed_lines": [1, 6, 9, 10, 21, 34, 35, 46, 56, 57, 68, 78, 79, 90], "summary": {"covered_lines": 9, "num_statements": 9, "percent_covered": 100.0, "percent_covered_display": "100.00", "missing_lines": 0, "excluded_lines": 0, "num_branches": 0, "num_partial_branches": 0, "covered_branches": 0, "missing_branches": 0}, "missing_lines": [], "excluded_lines": [], "executed_branches": [], "missing_branches": []}}, "classes": {"BaseAPIException": {"executed_lines": [29, 30, 31], "summary": {"covered_lines": 3, "num_statements": 3, "percent_covered": 100.0, "percent_covered_display": "100.00", "missing_lines": 0, "excluded_lines": 0, "num_branches": 0, "num_partial_branches": 0, "covered_branches": 0, "missing_branches": 0}, "missing_lines": [], "excluded_lines": [], "executed_branches": [], "missing_branches": []}, "DatabaseConnectionError": {"executed_lines": [53], "summary": {"covered_lines": 1, "num_statements": 1, "percent_covered": 100.0, "percent_covered_display": "100.00", "missing_lines": 0, "excluded_lines": 0, "num_branches": 0, "num_partial_branches": 0, "covered_branches": 0, "missing_branches": 0}, "missing_lines": [], "excluded_lines": [], "executed_branches": [], "missing_branches": []}, "ResourceNotFoundError": {"executed_lines": [75], "summary": {"covered_lines": 1, "num_statements": 1, "percent_covered": 100.0, "percent_covered_display": "100.00", "missing_lines": 0, "excluded_lines": 0, "num_branches": 0, "num_partial_branches": 0, "covered_branches": 0, "missing_branches": 0}, "missing_lines": [], "excluded_lines": [], "executed_branches": [], "missing_branches": []}, "ValidationError": {"executed_lines": [97], "summary": {"covered_lines": 1, "num_statements": 1, "percent_covered": 100.0, "percent_covered_display": "100.00", "missing_lines": 0, "excluded_lines": 0, "num_branches": 0, "num_partial_branches": 0, "covered_branches": 0, "missing_branches": 0}, "missing_lines": [], "excluded_lines": [], "executed_branches": [], "missing_branches": []}, "": {"executed_lines": [1, 6, 9, 10, 21, 34, 35, 46, 56, 57, 68, 78, 79, 90], "summary": {"covered_lines": 9, "num_statements": 9, "percent_covered": 100.0, "percent_covered_display": "100.00", "missing_lines": 0, "excluded_lines": 0, "num_branches": 0, "num_partial_branches": 0, "covered_branches": 0, "missing_branches": 0}, "missing_lines": [], "excluded_lines": [], "executed_branches": [], "missing_branches": []}}}, "src/utils/logging_config.py": {"executed_lines": [1, 6, 7, 8, 11, 23, 26, 28, 46, 58, 74, 85], "summary": {"covered_lines": 11, "num_statements": 12, "percent_covered": 85.71428571428571, "percent_covered_display": "85.71", "missing_lines": 1, "excluded_lines": 0, "num_branches": 2, "num_partial_branches": 1, "covered_branches": 1, "missing_branches": 1}, "missing_lines": [36], "excluded_lines": [], "executed_branches": [[26, 28]], "missing_branches": [[26, 36]], "functions": {"setup_logging": {"executed_lines": [23, 26, 28, 46, 58], "summary": {"covered_lines": 5, "num_statements": 6, "percent_covered": 75.0, "percent_covered_display": "75.00", "missing_lines": 1, "excluded_lines": 0, "num_branches": 2, "num_partial_branches": 1, "covered_branches": 1, "missing_branches": 1}, "missing_lines": [36], "excluded_lines": [], "executed_branches": [[26, 28]], "missing_branches": [[26, 36]]}, "log_request": {"executed_lines": [85], "summary": {"covered_lines": 1, "num_statements": 1, "percent_covered": 100.0, "percent_covered_display": "100.00", "missing_lines": 0, "excluded_lines": 0, "num_branches": 0, "num_partial_branches": 0, "covered_branches": 0, "missing_branches": 0}, "missing_lines": [], "excluded_lines": [], "executed_branches": [], "missing_branches": []}, "": {"executed_lines": [1, 6, 7, 8, 11, 74], "summary": {"covered_lines": 5, "num_statements": 5, "percent_covered": 100.0, "percent_covered_display": "100.00", "missing_lines": 0, "excluded_lines": 0, "num_branches": 0, "num_partial_branches": 0, "covered_branches": 0, "missing_branches": 0}, "missing_lines": [], "excluded_lines": [], "executed_branches": [], "missing_branches": []}}, "classes": {"": {"executed_lines": [1, 6, 7, 8, 11, 23, 26, 28, 46, 58, 74, 85], "summary": {"covered_lines": 11, "num_statements": 12, "percent_covered": 85.71428571428571, "percent_covered_display": "85.71", "missing_lines": 1, "excluded_lines": 0, "num_branches": 2, "num_partial_branches": 1, "covered_branches": 1, "missing_branches": 1}, "missing_lines": [36], "excluded_lines": [], "executed_branches": [[26, 28]], "missing_branches": [[26, 36]]}}}}, "totals": {"covered_lines": 587, "num_statements": 729, "percent_covered": 77.94994040524433, "percent_covered_display": "77.95", "missing_lines": 142, "excluded_lines": 5, "num_branches": 110, "num_partial_branches": 9, "covered_branches": 67, "missing_branches": 43}}